<?xml version="1.0" encoding="UTF-8"?>
<!-- Generated by org.testng.reporters.JUnitReportReporter -->
<testsuite hostname="DESKTOP-GOKNI3R" failures="0" tests="2" name="com.Test.LoginPageTest" time="50.746" errors="0" timestamp="2022-05-04T13:08:24 CDT" skipped="0">
  <testcase classname="com.Test.LoginPageTest" name="PageTitleTest" time="20.414"/>
  <system-out/>
  <testcase classname="com.Test.LoginPageTest" name="loginTest" time="30.332"/>
  <system-out/>
</testsuite> <!-- com.Test.LoginPageTest -->
