<?xml version="1.0" encoding="UTF-8"?>
<!-- Generated by org.testng.reporters.JUnitReportReporter -->
<testsuite hostname="DESKTOP-GOKNI3R" failures="0" tests="2" name="com.Test.HomePageTest" time="20.920" errors="0" timestamp="2022-05-03T21:25:46 CDT" skipped="0">
  <testcase classname="com.Test.HomePageTest" name="pageTitleTest" time="7.537"/>
  <system-out/>
  <testcase classname="com.Test.HomePageTest" name="clickBestBuyOutlet" time="13.383"/>
  <system-out/>
</testsuite> <!-- com.Test.HomePageTest -->
