<?xml version="1.0" encoding="UTF-8"?>
<!-- Generated by org.testng.reporters.JUnitReportReporter -->
<testsuite hostname="DESKTOP-GOKNI3R" failures="0" tests="1" name="com.Bootcamp.LocationsTab" time="0.330" errors="0" timestamp="2022-05-04T05:14:25 CDT" skipped="0">
  <testcase classname="com.Bootcamp.LocationsTab" name="getLocations" time="0.330"/>
  <system-out/>
</testsuite> <!-- com.Bootcamp.LocationsTab -->
