<?xml version="1.0" encoding="UTF-8"?>
<!-- Generated by org.testng.reporters.JUnitReportReporter -->
<testsuite hostname="DESKTOP-GOKNI3R" failures="0" tests="1" name="com.Bootcamp.EmployeesTbl" time="0.333" errors="0" timestamp="2022-05-04T04:59:28 CDT" skipped="0">
  <testcase classname="com.Bootcamp.EmployeesTbl" name="getEmployeesData" time="0.333"/>
  <system-out/>
</testsuite> <!-- com.Bootcamp.EmployeesTbl -->
