<?xml version="1.0" encoding="UTF-8"?>
<!-- Generated by org.testng.reporters.JUnitReportReporter -->
<testsuite hostname="DESKTOP-GOKNI3R" failures="0" tests="1" name="com.Bootcamp.CountriesTbl" time="0.322" errors="0" timestamp="2022-05-04T05:15:25 CDT" skipped="0">
  <testcase classname="com.Bootcamp.CountriesTbl" name="getCountriesData" time="0.322"/>
  <system-out/>
</testsuite> <!-- com.Bootcamp.CountriesTbl -->
